Using pre-set license
Built from '2020.3/staging' branch; Version is '2020.3.0f1 (c7b5465681fb) revision 13088070'; Using compiler version '192528614'; Build Type 'Release'
OS: 'Windows 10 Pro; OS build 19042.985; Version 2009; 64bit' Language: 'en' Physical Memory: 8086 MB
BatchMode: 1, IsHumanControllingUs: 0, StartBugReporterOnCrash: 0, Is64bit: 1, IsPro: 0

 COMMAND LINE ARGUMENTS:
C:\Program Files\Unity Editors\2020.3.0f1\Editor\Unity.exe
-adb2
-batchMode
-noUpm
-name
AssetImportWorker0
-projectPath
T:/Software Development/Unity/Color Untwist
-logFile
Logs/AssetImportWorker0.log
-srvPort
5356
Successfully changed project path to: T:/Software Development/Unity/Color Untwist
T:/Software Development/Unity/Color Untwist
Using Asset Import Pipeline V2.
Refreshing native plugins compatible for Editor in 165.91 ms, found 0 plugins.
Preloading 0 native plugins for Editor in 0.00 ms.
Initialize engine version: 2020.3.0f1 (c7b5465681fb)
[Subsystems] Discovering subsystems at path C:/Program Files/Unity Editors/2020.3.0f1/Editor/Data/Resources/UnitySubsystems
[Subsystems] Discovering subsystems at path T:/Software Development/Unity/Color Untwist/Assets
GfxDevice: creating device client; threaded=0
Direct3D:
    Version:  Direct3D 11.0 [level 10.1]
    Renderer: Intel(R) HD Graphics 3000 (ID=0x126)
    Vendor:   
    VRAM:     128 MB
    Driver:   9.17.10.2770
Could not load symbol clCreateImage : The specified procedure could not be found.


Could not load symbol clEnqueueFillBuffer : The specified procedure could not be found.


Could not load symbol clEnqueueFillImage : The specified procedure could not be found.


Could not load symbol clEnqueueMarkerWithWaitList : The specified procedure could not be found.


Could not load symbol clGetExtensionFunctionAddressForPlatform : The specified procedure could not be found.


Could not load symbol clUnloadPlatformCompiler : The specified procedure could not be found.


Could not load symbol clCreateFromGLTexture : The specified procedure could not be found.


Initialize mono
Mono path[0] = 'C:/Program Files/Unity Editors/2020.3.0f1/Editor/Data/Managed'
Mono path[1] = 'C:/Program Files/Unity Editors/2020.3.0f1/Editor/Data/MonoBleedingEdge/lib/mono/unityjit'
Mono config path = 'C:/Program Files/Unity Editors/2020.3.0f1/Editor/Data/MonoBleedingEdge/etc'
Using monoOptions --debugger-agent=transport=dt_socket,embedding=1,server=y,suspend=n,address=127.0.0.1:56556
Begin MonoManager ReloadAssembly
Registering precompiled unity dll's ...
Register platform support module: C:/Program Files/Unity Editors/2020.3.0f1/Editor/Data/PlaybackEngines/WindowsStandaloneSupport/UnityEditor.WindowsStandalone.Extensions.dll
Registered in 0.006262 seconds.
Native extension for WindowsStandalone target not found
Refreshing native plugins compatible for Editor in 94.24 ms, found 0 plugins.
Preloading 0 native plugins for Editor in 0.00 ms.
Invoked RoslynAnalysisRunner static constructor.
RoslynAnalysisRunner will not be running.
RoslynAnalysisRunner has terminated.
Mono: successfully reloaded assembly
- Completed reload, in  6.950 seconds
Platform modules already initialized, skipping
Registering precompiled user dll's ...
Registered in 0.007585 seconds.
Begin MonoManager ReloadAssembly
Native extension for WindowsStandalone target not found
Refreshing native plugins compatible for Editor in 0.88 ms, found 0 plugins.
Preloading 0 native plugins for Editor in 0.00 ms.
Invoked RoslynAnalysisRunner static constructor.
RoslynAnalysisRunner will not be running.
RoslynAnalysisRunner has terminated.
Mono: successfully reloaded assembly
- Completed reload, in  2.522 seconds
Platform modules already initialized, skipping
========================================================================
Worker process is ready to serve import requests
Launched and connected shader compiler UnityShaderCompiler.exe after 0.37 seconds
Refreshing native plugins compatible for Editor in 4.89 ms, found 0 plugins.
Preloading 0 native plugins for Editor in 0.00 ms.
Unloading 1426 Unused Serialized files (Serialized files now loaded: 0)
System memory in use before: 65.4 MB.
System memory in use after: 65.5 MB.

Unloading 33 unused Assets to reduce memory usage. Loaded Objects now: 1856.
Total: 3.530800 ms (FindLiveObjects: 0.236700 ms CreateObjectMapping: 0.070700 ms MarkObjects: 3.109200 ms  DeleteObjects: 0.111800 ms)

========================================================================
Received Import Request.
  path: Assets/Scenes/Main Camera.prefab
  artifactKey: Guid(9d07db0c762c5eb4e89e0905b9053ef8) Importer(815301076,1909f56bfc062723c751e8b465ee728b)
Start importing Assets/Scenes/Main Camera.prefab using Guid(9d07db0c762c5eb4e89e0905b9053ef8) Importer(815301076,1909f56bfc062723c751e8b465ee728b)  -> (artifact id: 'c55c7fbda7993569722df0abc9a8db10') in 1.217084 seconds
  Import took 1.233694 seconds .

========================================================================
Received Import Request.
  Time since last request: 10.655172 seconds.
  path: Assets/Scenes/Gameplay.unity
  artifactKey: Guid(1400a42beb6c2dc4cbb2952439345b8f) Importer(815301076,1909f56bfc062723c751e8b465ee728b)
Start importing Assets/Scenes/Gameplay.unity using Guid(1400a42beb6c2dc4cbb2952439345b8f) Importer(815301076,1909f56bfc062723c751e8b465ee728b)  -> (artifact id: 'e58f70c1f3caa9e5e113564cec9dfc5c') in 0.002881 seconds
  Import took 0.006269 seconds .

========================================================================
Received Import Request.
  Time since last request: 0.285480 seconds.
  path: Assets/Scenes/Gameplay.unity
  artifactKey: Guid(1400a42beb6c2dc4cbb2952439345b8f) Importer(815301076,1909f56bfc062723c751e8b465ee728b)
Start importing Assets/Scenes/Gameplay.unity using Guid(1400a42beb6c2dc4cbb2952439345b8f) Importer(815301076,1909f56bfc062723c751e8b465ee728b)  -> (artifact id: 'e58f70c1f3caa9e5e113564cec9dfc5c') in 0.003170 seconds
  Import took 0.008375 seconds .

========================================================================
Received Prepare
Registering precompiled user dll's ...
Registered in 0.002768 seconds.
Begin MonoManager ReloadAssembly
Native extension for WindowsStandalone target not found
Refreshing native plugins compatible for Editor in 0.65 ms, found 0 plugins.
Preloading 0 native plugins for Editor in 0.00 ms.
Invoked RoslynAnalysisRunner static constructor.
RoslynAnalysisRunner will not be running.
RoslynAnalysisRunner has terminated.
Mono: successfully reloaded assembly
- Completed reload, in  2.302 seconds
Platform modules already initialized, skipping
Refreshing native plugins compatible for Editor in 0.70 ms, found 0 plugins.
Preloading 0 native plugins for Editor in 0.00 ms.
Unloading 1420 Unused Serialized files (Serialized files now loaded: 0)
System memory in use before: 65.3 MB.
System memory in use after: 65.4 MB.

Unloading 24 unused Assets to reduce memory usage. Loaded Objects now: 1859.
Total: 3.052400 ms (FindLiveObjects: 0.314100 ms CreateObjectMapping: 0.078700 ms MarkObjects: 2.622100 ms  DeleteObjects: 0.035200 ms)

========================================================================
Received Import Request.
  Time since last request: 88.080449 seconds.
  path: Assets/AgencyFB-SuperBold.ttf
  artifactKey: Guid(fad6c8fe78e5fa54d911c2e9e714e970) Importer(815301076,1909f56bfc062723c751e8b465ee728b)
Start importing Assets/AgencyFB-SuperBold.ttf using Guid(fad6c8fe78e5fa54d911c2e9e714e970) Importer(815301076,1909f56bfc062723c751e8b465ee728b)  -> (artifact id: '35a1781128dbdc4f0361a5ab5c5624f0') in 0.589472 seconds
  Import took 0.594462 seconds .

========================================================================
Received Import Request.
  Time since last request: 0.000263 seconds.
  path: Assets/RAVIE.TTF
  artifactKey: Guid(8ec61bd20448eb84caea7ceaec58181a) Importer(815301076,1909f56bfc062723c751e8b465ee728b)
Start importing Assets/RAVIE.TTF using Guid(8ec61bd20448eb84caea7ceaec58181a) Importer(815301076,1909f56bfc062723c751e8b465ee728b)  -> (artifact id: '0e8bc95738083797b37f6e5e6e6983eb') in 0.044488 seconds
  Import took 0.049617 seconds .

========================================================================
Received Import Request.
  Time since last request: 0.000100 seconds.
  path: Assets/Roboto-Light.ttf
  artifactKey: Guid(53563a3c74d42ae4aa1bffe9ae44035b) Importer(815301076,1909f56bfc062723c751e8b465ee728b)
Start importing Assets/Roboto-Light.ttf using Guid(53563a3c74d42ae4aa1bffe9ae44035b) Importer(815301076,1909f56bfc062723c751e8b465ee728b)  -> (artifact id: '08937ecf8b48365bf578ff2d27656059') in 0.066648 seconds
  Import took 0.071016 seconds .

========================================================================
Received Import Request.
  Time since last request: 0.000278 seconds.
  path: Assets/Martina_.ttf
  artifactKey: Guid(43d3d3fe1a80bbe4f8b258ab1043f15e) Importer(815301076,1909f56bfc062723c751e8b465ee728b)
Start importing Assets/Martina_.ttf using Guid(43d3d3fe1a80bbe4f8b258ab1043f15e) Importer(815301076,1909f56bfc062723c751e8b465ee728b)  -> (artifact id: 'c921b59820feb6929a3758acd3792c90') in 0.033187 seconds
  Import took 0.040106 seconds .

========================================================================
Received Import Request.
  Time since last request: 0.010768 seconds.
  path: Assets/JOKERMAN.TTF
  artifactKey: Guid(aa68aa9c1855d0e44af31c7d8d0fd8e4) Importer(815301076,1909f56bfc062723c751e8b465ee728b)
Start importing Assets/JOKERMAN.TTF using Guid(aa68aa9c1855d0e44af31c7d8d0fd8e4) Importer(815301076,1909f56bfc062723c751e8b465ee728b)  -> (artifact id: '10a0a328c778fbed276bf1b070aff344') in 0.061610 seconds
  Import took 0.070681 seconds .

========================================================================
Received Import Request.
  Time since last request: 0.000398 seconds.
  path: Assets/bg.wav
  artifactKey: Guid(00526a411dff7884ea80b8594252f3cf) Importer(815301076,1909f56bfc062723c751e8b465ee728b)
Start importing Assets/bg.wav using Guid(00526a411dff7884ea80b8594252f3cf) Importer(815301076,1909f56bfc062723c751e8b465ee728b) 